<?xml version="1.0" encoding="UTF-8"?>
<!-- Generated by org.testng.reporters.JUnitReportReporter -->
<testsuite hostname="DESKTOP-C65HEKO" failures="0" tests="3" name="testPackage.Test4" time="0.012" errors="0" timestamp="2023-04-14T11:19:16 IST" skipped="0">
  <testcase classname="testPackage.Test4" name="Monthday2" time="0.004"/>
  <system-out/>
  <testcase classname="testPackage.Test4" name="Monthday3" time="0.002"/>
  <system-out/>
  <testcase classname="testPackage.Test4" name="day1" time="0.006"/>
  <system-out/>
</testsuite> <!-- testPackage.Test4 -->
