<?xml version="1.0" encoding="UTF-8"?>
<!-- Generated by org.testng.reporters.JUnitReportReporter -->
<testsuite hostname="DESKTOP-C65HEKO" failures="0" tests="4" name="testPackage.Test3" time="0.028" errors="0" timestamp="2023-04-14T11:34:51 IST" skipped="0">
  <testcase classname="testPackage.Test3" name="greeting3" time="0.005"/>
  <system-out/>
  <testcase classname="testPackage.Test3" name="greeting2" time="0.010"/>
  <system-out/>
  <testcase classname="testPackage.Test3" name="greeting3" time="0.010"/>
  <system-out/>
  <testcase classname="testPackage.Test3" name="greeting3" time="0.003"/>
  <system-out/>
</testsuite> <!-- testPackage.Test3 -->
