<?xml version="1.0" encoding="UTF-8"?>
<!-- Generated by org.testng.reporters.JUnitReportReporter -->
<testsuite hostname="DESKTOP-C65HEKO" failures="0" tests="2" name="testPackage.Test1" time="0.010" errors="0" timestamp="2023-04-14T11:19:16 IST" skipped="0">
  <testcase classname="testPackage.Test1" name="PrintHi" time="0.007"/>
  <system-out/>
  <testcase classname="testPackage.Test1" name="PrintText" time="0.003"/>
  <system-out/>
</testsuite> <!-- testPackage.Test1 -->
