<?xml version="1.0" encoding="UTF-8"?>
<!-- Generated by org.testng.reporters.JUnitReportReporter -->
<testsuite hostname="DESKTOP-C65HEKO" failures="0" tests="1" name="testPackage.Test2" time="0.003" errors="0" timestamp="2023-04-14T11:19:16 IST" skipped="0">
  <testcase classname="testPackage.Test2" name="greeting" time="0.003"/>
  <system-out/>
</testsuite> <!-- testPackage.Test2 -->
