<?xml version="1.0" encoding="UTF-8"?>
<!-- Generated by org.testng.reporters.JUnitReportReporter -->
<testsuite hostname="DESKTOP-C65HEKO" failures="0" tests="3" name="seleniumTest.ExtentReport" time="5.813" errors="0" timestamp="2023-04-17T09:34:42 IST" skipped="0">
  <testcase classname="seleniumTest.ExtentReport" name="openGoogle" time="2.549"/>
  <system-out/>
  <testcase classname="seleniumTest.ExtentReport" name="openWikipedia" time="1.986"/>
  <system-out/>
  <testcase classname="seleniumTest.ExtentReport" name="openBing" time="1.278"/>
  <system-out/>
</testsuite> <!-- seleniumTest.ExtentReport -->
