<?xml version="1.0" encoding="UTF-8"?>
<!-- Generated by org.testng.reporters.JUnitReportReporter -->
<testsuite hostname="DESKTOP-C65HEKO" failures="0" tests="1" name="seleniumHandson.LoginWithoutFindBy" time="37.701" errors="0" timestamp="14 Apr 2023 15:30:32 GMT" skipped="0">
  <testcase classname="seleniumHandson.LoginWithoutFindBy" name="login" time="37.701"/>
</testsuite> <!-- seleniumHandson.LoginWithoutFindBy -->
